c:\users\aleja\source\repos\editor3d\editor3d\x64\debug\vc143.pdb
c:\users\aleja\source\repos\editor3d\editor3d\x64\debug\vc143.idb
c:\users\aleja\source\repos\editor3d\editor3d\x64\debug\editor3d.obj
c:\users\aleja\source\repos\editor3d\x64\debug\editor3d.exe
c:\users\aleja\source\repos\editor3d\x64\debug\editor3d.pdb
c:\users\aleja\source\repos\editor3d\editor3d\x64\debug\editor3d.res
c:\users\aleja\source\repos\editor3d\editor3d\x64\debug\editor3d.ilk
c:\users\alejandro\source\repos\editor3d\editor3d\x64\debug\editor3d.obj
c:\users\alejandro\source\repos\editor3d\editor3d\x64\debug\editor3d.ilk
c:\users\alejandro\source\repos\editor3d\editor3d\x64\debug\editor3d.res
c:\users\alejandro\source\repos\editor3d\editor3d\x64\debug\vc143.idb
c:\users\alejandro\source\repos\editor3d\editor3d\x64\debug\vc143.pdb
c:\users\alejandro\source\repos\editor3d\x64\debug\editor3d.pdb
c:\users\alejandro\source\repos\editor3d\x64\debug\editor3d.exe
c:\users\alejandro\source\repos\editor3d\editor3d\x64\debug\editor3d.tlog\cl.command.1.tlog
c:\users\alejandro\source\repos\editor3d\editor3d\x64\debug\editor3d.tlog\cl.items.tlog
c:\users\alejandro\source\repos\editor3d\editor3d\x64\debug\editor3d.tlog\cl.read.1.tlog
c:\users\alejandro\source\repos\editor3d\editor3d\x64\debug\editor3d.tlog\cl.write.1.tlog
c:\users\alejandro\source\repos\editor3d\editor3d\x64\debug\editor3d.tlog\link.command.1.tlog
c:\users\alejandro\source\repos\editor3d\editor3d\x64\debug\editor3d.tlog\link.read.1.tlog
c:\users\alejandro\source\repos\editor3d\editor3d\x64\debug\editor3d.tlog\link.secondary.1.tlog
c:\users\alejandro\source\repos\editor3d\editor3d\x64\debug\editor3d.tlog\link.write.1.tlog
c:\users\alejandro\source\repos\editor3d\editor3d\x64\debug\editor3d.tlog\rc.command.1.tlog
c:\users\alejandro\source\repos\editor3d\editor3d\x64\debug\editor3d.tlog\rc.read.1.tlog
c:\users\alejandro\source\repos\editor3d\editor3d\x64\debug\editor3d.tlog\rc.write.1.tlog
